<?xml version="1.0" encoding="UTF-8"?>
<!-- Generated by org.testng.reporters.JUnitReportReporter -->
<testsuite hostname="LAPTOP-TT1KHOTN" failures="0" tests="1" name="com.w2a.APITestingFramework.cuke.runner.RunCuke" time="7.078" errors="0" timestamp="2020-05-02T19:42:08 CEST" skipped="0">
  <testcase classname="com.w2a.APITestingFramework.cuke.runner.RunCuke" name="runScenario" time="7.078"/>
  <system-out/>
</testsuite> <!-- com.w2a.APITestingFramework.cuke.runner.RunCuke -->
